Using pre-set license
Built from '2020.3/staging' branch; Version is '2020.3.22f1 (e1a7f79fd887) revision 14788599'; Using compiler version '192528614'; Build Type 'Release'
OS: 'Windows 10 Pro for Workstations; OS build 19042.1320; Version 2009; 64bit' Language: 'en' Physical Memory: 20385 MB
BatchMode: 1, IsHumanControllingUs: 0, StartBugReporterOnCrash: 0, Is64bit: 1, IsPro: 0

COMMAND LINE ARGUMENTS:
C:\Program Files\Unity\Hub\Editor\2020.3.22f1\Editor\Unity.exe
-adb2
-batchMode
-noUpm
-name
AssetImportWorker0
-projectPath
F:/Unity/Jungle Runner
-logFile
Logs/AssetImportWorker0.log
-srvPort
5537
Successfully changed project path to: F:/Unity/Jungle Runner
F:/Unity/Jungle Runner
Using Asset Import Pipeline V2.
Refreshing native plugins compatible for Editor in 42.54 ms, found 3 plugins.
Preloading 0 native plugins for Editor in 0.00 ms.
Initialize engine version: 2020.3.22f1 (e1a7f79fd887)
[Subsystems] Discovering subsystems at path C:/Program Files/Unity/Hub/Editor/2020.3.22f1/Editor/Data/Resources/UnitySubsystems
[Subsystems] Discovering subsystems at path F:/Unity/Jungle Runner/Assets
GfxDevice: creating device client; threaded=0
Direct3D:
    Version:  Direct3D 11.0 [level 11.1]
    Renderer: Intel(R) HD Graphics 4600 (ID=0x416)
    Vendor:   
    VRAM:     2048 MB
    Driver:   20.19.15.5063
Initialize mono
Mono path[0] = 'C:/Program Files/Unity/Hub/Editor/2020.3.22f1/Editor/Data/Managed'
Mono path[1] = 'C:/Program Files/Unity/Hub/Editor/2020.3.22f1/Editor/Data/MonoBleedingEdge/lib/mono/unityjit'
Mono config path = 'C:/Program Files/Unity/Hub/Editor/2020.3.22f1/Editor/Data/MonoBleedingEdge/etc'
Using monoOptions --debugger-agent=transport=dt_socket,embedding=1,server=y,suspend=n,address=127.0.0.1:56540
Begin MonoManager ReloadAssembly
Registering precompiled unity dll's ...
Register platform support module: C:/Program Files/Unity/Hub/Editor/2020.3.22f1/Editor/Data/PlaybackEngines/WindowsStandaloneSupport/UnityEditor.WindowsStandalone.Extensions.dll
Registered in 0.001656 seconds.
Native extension for WindowsStandalone target not found
Refreshing native plugins compatible for Editor in 65.34 ms, found 3 plugins.
Preloading 0 native plugins for Editor in 0.00 ms.
Mono: successfully reloaded assembly
- Completed reload, in  2.921 seconds
Domain Reload Profiling:
	ReloadAssembly (2921ms)
		BeginReloadAssembly (120ms)
			ExecutionOrderSort (0ms)
			DisableScriptedObjects (0ms)
			BackupInstance (0ms)
			ReleaseScriptingObjects (0ms)
			CreateAndSetChildDomain (3ms)
		EndReloadAssembly (584ms)
			LoadAssemblies (110ms)
			RebuildTransferFunctionScriptingTraits (0ms)
			SetupTypeCache (165ms)
			ReleaseScriptCaches (0ms)
			RebuildScriptCaches (73ms)
			SetupLoadedEditorAssemblies (222ms)
				LogAssemblyErrors (0ms)
				InitializePlatformSupportModulesInManaged (10ms)
				SetLoadedEditorAssemblies (1ms)
				RefreshPlugins (65ms)
				BeforeProcessingInitializeOnLoad (20ms)
				ProcessInitializeOnLoadAttributes (94ms)
				ProcessInitializeOnLoadMethodAttributes (32ms)
				AfterProcessingInitializeOnLoad (0ms)
				EditorAssembliesLoaded (0ms)
			ExecutionOrderSort2 (0ms)
			AwakeInstancesAfterBackupRestoration (0ms)
Platform modules already initialized, skipping
Registering precompiled user dll's ...
Registered in 0.002790 seconds.
Begin MonoManager ReloadAssembly
Native extension for WindowsStandalone target not found
Refreshing native plugins compatible for Editor in 45.71 ms, found 3 plugins.
Preloading 0 native plugins for Editor in 0.00 ms.
Mono: successfully reloaded assembly
- Completed reload, in  1.685 seconds
Domain Reload Profiling:
	ReloadAssembly (1686ms)
		BeginReloadAssembly (266ms)
			ExecutionOrderSort (0ms)
			DisableScriptedObjects (6ms)
			BackupInstance (0ms)
			ReleaseScriptingObjects (0ms)
			CreateAndSetChildDomain (28ms)
		EndReloadAssembly (1291ms)
			LoadAssemblies (141ms)
			RebuildTransferFunctionScriptingTraits (0ms)
			SetupTypeCache (372ms)
			ReleaseScriptCaches (1ms)
			RebuildScriptCaches (73ms)
			SetupLoadedEditorAssemblies (574ms)
				LogAssemblyErrors (0ms)
				InitializePlatformSupportModulesInManaged (6ms)
				SetLoadedEditorAssemblies (0ms)
				RefreshPlugins (46ms)
				BeforeProcessingInitializeOnLoad (133ms)
				ProcessInitializeOnLoadAttributes (352ms)
				ProcessInitializeOnLoadMethodAttributes (30ms)
				AfterProcessingInitializeOnLoad (6ms)
				EditorAssembliesLoaded (0ms)
			ExecutionOrderSort2 (0ms)
			AwakeInstancesAfterBackupRestoration (8ms)
Platform modules already initialized, skipping
========================================================================
Worker process is ready to serve import requests
Launched and connected shader compiler UnityShaderCompiler.exe after 0.10 seconds
Refreshing native plugins compatible for Editor in 1.71 ms, found 3 plugins.
Preloading 0 native plugins for Editor in 0.00 ms.
Unloading 2183 Unused Serialized files (Serialized files now loaded: 0)
System memory in use before: 95.4 MB.
System memory in use after: 95.5 MB.

Unloading 28 unused Assets to reduce memory usage. Loaded Objects now: 2616.
Total: 5.531200 ms (FindLiveObjects: 0.372100 ms CreateObjectMapping: 0.230400 ms MarkObjects: 4.827400 ms  DeleteObjects: 0.100000 ms)

AssetImportParameters requested are different than current active one (requested -> active):
  custom:framework-win-MediaFoundation: 216162199b28c13a410421893ffa2e32 -> 
  custom:video-decoder-ogg-theora: a1e56fd34408186e4bbccfd4996cb3dc -> 
  custom:container-muxer-webm: aa71ff27fc2769a1b78a27578f13a17b -> 
  custom:container-demuxer-webm: 4f35f7cbe854078d1ac9338744f61a02 -> 
  custom:container-demuxer-ogg: 62fdf1f143b41e24485cea50d1cbac27 -> 
  custom:video-encoder-webm-vp8: eb34c28f22e8b96e1ab97ce403110664 -> 
  custom:video-decoder-webm-vp8: 9c59270c3fd7afecdb556c50c9e8de78 -> 
  custom:audio-decoder-ogg-vorbis: bf7c407c2cedff20999df2af8eb42d56 -> 
  custom:audio-encoder-webm-vorbis: bf7c407c2cedff20999df2af8eb42d56 -> 
========================================================================
Received Import Request.
  path: Assets
  artifactKey: Guid(00000000000000001000000000000000) Importer(815301076,1909f56bfc062723c751e8b465ee728b)
Start importing Assets using Guid(00000000000000001000000000000000) Importer(815301076,1909f56bfc062723c751e8b465ee728b)  -> (artifact id: '42d402b061de3733987d63b9cc3b64de') in 0.005515 seconds 
  Import took 0.010511 seconds .

========================================================================
Received Import Request.
  Time since last request: 11.461277 seconds.
  path: Assets/Sounds
  artifactKey: Guid(fa6c64f84532e2a4e87af6a8e86e8c2e) Importer(815301076,1909f56bfc062723c751e8b465ee728b)
Start importing Assets/Sounds using Guid(fa6c64f84532e2a4e87af6a8e86e8c2e) Importer(815301076,1909f56bfc062723c751e8b465ee728b)  -> (artifact id: 'c806d62136168ece6089c0bd983f1a24') in 0.002206 seconds 
  Import took 0.006951 seconds .

========================================================================
Received Import Request.
  Time since last request: 1.203646 seconds.
  path: Assets/Arts
  artifactKey: Guid(05a95e05da7fcfc4688527d471d30c10) Importer(815301076,1909f56bfc062723c751e8b465ee728b)
Start importing Assets/Arts using Guid(05a95e05da7fcfc4688527d471d30c10) Importer(815301076,1909f56bfc062723c751e8b465ee728b)  -> (artifact id: 'f7771b9381a1c15a50ab0dccdcaa4842') in 0.002548 seconds 
  Import took 0.007040 seconds .

========================================================================
Received Import Request.
  Time since last request: 0.112167 seconds.
  path: Assets/Arts/Avatar.png
  artifactKey: Guid(7a00461efcd97ca46b9d9db93fa14480) Importer(815301076,1909f56bfc062723c751e8b465ee728b)
Start importing Assets/Arts/Avatar.png using Guid(7a00461efcd97ca46b9d9db93fa14480) Importer(815301076,1909f56bfc062723c751e8b465ee728b)  -> (artifact id: '6ba3bf52486782bb53080f412b39f617') in 0.173853 seconds 
  Import took 0.182446 seconds .

========================================================================
Received Import Request.
  Time since last request: 0.000304 seconds.
  path: Assets/Arts/Player.png
  artifactKey: Guid(2f95ceb9cd0d1dd4e9ed46fb50bbf1de) Importer(815301076,1909f56bfc062723c751e8b465ee728b)
Start importing Assets/Arts/Player.png using Guid(2f95ceb9cd0d1dd4e9ed46fb50bbf1de) Importer(815301076,1909f56bfc062723c751e8b465ee728b)  -> (artifact id: 'f5a57c32aa8e641857c368d6720cda8e') in 0.027276 seconds 
  Import took 0.031220 seconds .

========================================================================
Received Import Request.
  Time since last request: 0.000337 seconds.
  path: Assets/Arts/GameStartScreen.png
  artifactKey: Guid(88aa1372bcfa3034686b5fd42cb3c3be) Importer(815301076,1909f56bfc062723c751e8b465ee728b)
Start importing Assets/Arts/GameStartScreen.png using Guid(88aa1372bcfa3034686b5fd42cb3c3be) Importer(815301076,1909f56bfc062723c751e8b465ee728b)  -> (artifact id: '98d40060ba65144a8a86ad2b39fcbe86') in 0.029149 seconds 
  Import took 0.033372 seconds .

========================================================================
Received Import Request.
  Time since last request: 0.000292 seconds.
  path: Assets/Arts/GameOverBackground.png
  artifactKey: Guid(c7f3360011c90204ea2cbd6ddfede81d) Importer(815301076,1909f56bfc062723c751e8b465ee728b)
Start importing Assets/Arts/GameOverBackground.png using Guid(c7f3360011c90204ea2cbd6ddfede81d) Importer(815301076,1909f56bfc062723c751e8b465ee728b)  -> (artifact id: 'c5703a89809c0c80ed15e707fe872661') in 0.022109 seconds 
  Import took 0.027593 seconds .

========================================================================
Received Import Request.
  Time since last request: 0.000300 seconds.
  path: Assets/Arts/CoinSprite.png
  artifactKey: Guid(7ec7e848821f91348b02f6c5a87b9461) Importer(815301076,1909f56bfc062723c751e8b465ee728b)
Start importing Assets/Arts/CoinSprite.png using Guid(7ec7e848821f91348b02f6c5a87b9461) Importer(815301076,1909f56bfc062723c751e8b465ee728b)  -> (artifact id: '2ee369eee78e3c9458c1f7455612c489') in 0.020734 seconds 
  Import took 0.026424 seconds .

========================================================================
Received Import Request.
  Time since last request: 0.000350 seconds.
  path: Assets/Arts/Play Now.png
  artifactKey: Guid(6e5ac6d9a60a35e49a3f7b197a609262) Importer(815301076,1909f56bfc062723c751e8b465ee728b)
Start importing Assets/Arts/Play Now.png using Guid(6e5ac6d9a60a35e49a3f7b197a609262) Importer(815301076,1909f56bfc062723c751e8b465ee728b)  -> (artifact id: 'c204e08f0c1bb7d515eb382b3df32b64') in 0.012917 seconds 
  Import took 0.018287 seconds .

========================================================================
Received Import Request.
  Time since last request: 0.000296 seconds.
  path: Assets/Arts/Quit.png
  artifactKey: Guid(9b6728c3c1c09fd4d9764dd541278c57) Importer(815301076,1909f56bfc062723c751e8b465ee728b)
Start importing Assets/Arts/Quit.png using Guid(9b6728c3c1c09fd4d9764dd541278c57) Importer(815301076,1909f56bfc062723c751e8b465ee728b)  -> (artifact id: 'fe826ed86fc96f3f481fe536ea2e7834') in 0.021238 seconds 
  Import took 0.026668 seconds .

========================================================================
Received Import Request.
  Time since last request: 0.000286 seconds.
  path: Assets/Arts/PlayAgain.png
  artifactKey: Guid(2a3a3ec0c19f9d6409c2dab5459fe1cc) Importer(815301076,1909f56bfc062723c751e8b465ee728b)
Start importing Assets/Arts/PlayAgain.png using Guid(2a3a3ec0c19f9d6409c2dab5459fe1cc) Importer(815301076,1909f56bfc062723c751e8b465ee728b)  -> (artifact id: '56201d9c4718c14fffe21aae42ca8ea1') in 0.025418 seconds 
  Import took 0.030341 seconds .

========================================================================
Received Import Request.
  Time since last request: 0.000358 seconds.
  path: Assets/Arts/GroundSprite.png
  artifactKey: Guid(eb82e0e362e3d394c9f5de448b254cde) Importer(815301076,1909f56bfc062723c751e8b465ee728b)
Start importing Assets/Arts/GroundSprite.png using Guid(eb82e0e362e3d394c9f5de448b254cde) Importer(815301076,1909f56bfc062723c751e8b465ee728b)  -> (artifact id: 'e4fdc94ccd413d15753a12831d1256ea') in 0.025401 seconds 
  Import took 0.031037 seconds .

========================================================================
Received Import Request.
  Time since last request: 0.000321 seconds.
  path: Assets/Arts/GameBackground.png
  artifactKey: Guid(f3dd37b05d6ca5d4ba277d47efd87751) Importer(815301076,1909f56bfc062723c751e8b465ee728b)
Start importing Assets/Arts/GameBackground.png using Guid(f3dd37b05d6ca5d4ba277d47efd87751) Importer(815301076,1909f56bfc062723c751e8b465ee728b)  -> (artifact id: 'c8b82b9237f108205d8dcc53b7a9f1ec') in 0.023388 seconds 
  Import took 0.028874 seconds .

========================================================================
Received Import Request.
  Time since last request: 91.757120 seconds.
  path: ProjectSettings/TagManager.asset
  artifactKey: Guid(00000000000000003000000000000000) Importer(815301076,1909f56bfc062723c751e8b465ee728b)
Start importing ProjectSettings/TagManager.asset using Guid(00000000000000003000000000000000) Importer(815301076,1909f56bfc062723c751e8b465ee728b)  -> (artifact id: '95df672b4aaba54310d34c83eef51bb8') in 0.007502 seconds 
  Import took 0.012252 seconds .

========================================================================
Received Import Request.
  Time since last request: 40.476465 seconds.
  path: Assets/Fonts
  artifactKey: Guid(90c30bd7484c9204b8d0c2b3f319c0f1) Importer(815301076,1909f56bfc062723c751e8b465ee728b)
Start importing Assets/Fonts using Guid(90c30bd7484c9204b8d0c2b3f319c0f1) Importer(815301076,1909f56bfc062723c751e8b465ee728b)  -> (artifact id: '48175faa5134965c77dfb6eec983570c') in 0.001672 seconds 
  Import took 0.007081 seconds .

========================================================================
Received Prepare
Registering precompiled user dll's ...
Registered in 0.007619 seconds.
Begin MonoManager ReloadAssembly
Native extension for WindowsStandalone target not found
Refreshing native plugins compatible for Editor in 0.92 ms, found 3 plugins.
Preloading 0 native plugins for Editor in 0.00 ms.
Mono: successfully reloaded assembly
- Completed reload, in  1.425 seconds
Domain Reload Profiling:
	ReloadAssembly (1425ms)
		BeginReloadAssembly (183ms)
			ExecutionOrderSort (0ms)
			DisableScriptedObjects (10ms)
			BackupInstance (0ms)
			ReleaseScriptingObjects (0ms)
			CreateAndSetChildDomain (70ms)
		EndReloadAssembly (1162ms)
			LoadAssemblies (119ms)
			RebuildTransferFunctionScriptingTraits (0ms)
			SetupTypeCache (383ms)
			ReleaseScriptCaches (2ms)
			RebuildScriptCaches (76ms)
			SetupLoadedEditorAssemblies (441ms)
				LogAssemblyErrors (0ms)
				InitializePlatformSupportModulesInManaged (7ms)
				SetLoadedEditorAssemblies (1ms)
				RefreshPlugins (1ms)
				BeforeProcessingInitializeOnLoad (135ms)
				ProcessInitializeOnLoadAttributes (276ms)
				ProcessInitializeOnLoadMethodAttributes (15ms)
				AfterProcessingInitializeOnLoad (6ms)
				EditorAssembliesLoaded (0ms)
			ExecutionOrderSort2 (0ms)
			AwakeInstancesAfterBackupRestoration (11ms)
Platform modules already initialized, skipping
Switching build target platform(19) subTarget(0) extendedPlatform(0) -> platform(13) subTarget(537395200) extendedPlatform(0)
Refreshing native plugins compatible for Editor in 0.76 ms, found 3 plugins.
Preloading 0 native plugins for Editor in 0.00 ms.
Unloading 2176 Unused Serialized files (Serialized files now loaded: 0)
System memory in use before: 97.8 MB.
System memory in use after: 97.9 MB.

Unloading 18 unused Assets to reduce memory usage. Loaded Objects now: 2640.
Total: 4.979100 ms (FindLiveObjects: 0.353600 ms CreateObjectMapping: 0.227300 ms MarkObjects: 4.362200 ms  DeleteObjects: 0.033800 ms)

AssetImportParameters requested are different than current active one (requested -> active):
  custom:framework-win-MediaFoundation: 216162199b28c13a410421893ffa2e32 -> 
  custom:video-decoder-ogg-theora: a1e56fd34408186e4bbccfd4996cb3dc -> 
  custom:container-muxer-webm: aa71ff27fc2769a1b78a27578f13a17b -> 
  custom:container-demuxer-webm: 4f35f7cbe854078d1ac9338744f61a02 -> 
  custom:container-demuxer-ogg: 62fdf1f143b41e24485cea50d1cbac27 -> 
  custom:video-encoder-webm-vp8: eb34c28f22e8b96e1ab97ce403110664 -> 
  custom:video-decoder-webm-vp8: 9c59270c3fd7afecdb556c50c9e8de78 -> 
  custom:graphics/normal-map-encoding: 01000000000000000000000000000000 -> 02000000000000000000000000000000
  custom:audio-decoder-ogg-vorbis: bf7c407c2cedff20999df2af8eb42d56 -> 
  custom:audio-encoder-webm-vorbis: bf7c407c2cedff20999df2af8eb42d56 -> 
========================================================================
Received Prepare
Refreshing native plugins compatible for Editor in 6.55 ms, found 3 plugins.
Preloading 0 native plugins for Editor in 0.00 ms.
Unloading 15 Unused Serialized files (Serialized files now loaded: 0)
System memory in use before: 55.1 MB.
System memory in use after: 55.2 MB.

Unloading 15 unused Assets to reduce memory usage. Loaded Objects now: 2640.
Total: 5.412200 ms (FindLiveObjects: 0.716700 ms CreateObjectMapping: 0.265700 ms MarkObjects: 4.405500 ms  DeleteObjects: 0.020900 ms)

AssetImportParameters requested are different than current active one (requested -> active):
  custom:framework-win-MediaFoundation: 216162199b28c13a410421893ffa2e32 -> 
  custom:video-decoder-ogg-theora: a1e56fd34408186e4bbccfd4996cb3dc -> 
  custom:container-muxer-webm: aa71ff27fc2769a1b78a27578f13a17b -> 
  custom:container-demuxer-webm: 4f35f7cbe854078d1ac9338744f61a02 -> 
  custom:container-demuxer-ogg: 62fdf1f143b41e24485cea50d1cbac27 -> 
  custom:video-encoder-webm-vp8: eb34c28f22e8b96e1ab97ce403110664 -> 
  custom:video-decoder-webm-vp8: 9c59270c3fd7afecdb556c50c9e8de78 -> 
  custom:audio-decoder-ogg-vorbis: bf7c407c2cedff20999df2af8eb42d56 -> 
  custom:audio-encoder-webm-vorbis: bf7c407c2cedff20999df2af8eb42d56 -> 
========================================================================
Received Import Request.
  Time since last request: 124.570754 seconds.
  path: Assets/Arts/Avatar.png
  artifactKey: Guid(7a00461efcd97ca46b9d9db93fa14480) Importer(815301076,1909f56bfc062723c751e8b465ee728b)
Start importing Assets/Arts/Avatar.png using Guid(7a00461efcd97ca46b9d9db93fa14480) Importer(815301076,1909f56bfc062723c751e8b465ee728b)  -> (artifact id: 'b5f76e40e7750d229f2aa2f2bd2f625a') in 0.116684 seconds 
  Import took 0.128934 seconds .

========================================================================
Received Import Request.
  Time since last request: 0.000249 seconds.
  path: Assets/Arts/Player.png
  artifactKey: Guid(2f95ceb9cd0d1dd4e9ed46fb50bbf1de) Importer(815301076,1909f56bfc062723c751e8b465ee728b)
Start importing Assets/Arts/Player.png using Guid(2f95ceb9cd0d1dd4e9ed46fb50bbf1de) Importer(815301076,1909f56bfc062723c751e8b465ee728b)  -> (artifact id: '0d1e02a23a9bd8596782acb6ae2d745f') in 0.018120 seconds 
  Import took 0.022794 seconds .

========================================================================
Received Import Request.
  Time since last request: 0.000476 seconds.
  path: Assets/Arts/GameStartScreen.png
  artifactKey: Guid(88aa1372bcfa3034686b5fd42cb3c3be) Importer(815301076,1909f56bfc062723c751e8b465ee728b)
Start importing Assets/Arts/GameStartScreen.png using Guid(88aa1372bcfa3034686b5fd42cb3c3be) Importer(815301076,1909f56bfc062723c751e8b465ee728b)  -> (artifact id: '1cc1732e523f6578c0eeea208b7bbd5e') in 0.039154 seconds 
  Import took 0.044335 seconds .

========================================================================
Received Import Request.
  Time since last request: 0.000251 seconds.
  path: Assets/Arts/GameOverBackground.png
  artifactKey: Guid(c7f3360011c90204ea2cbd6ddfede81d) Importer(815301076,1909f56bfc062723c751e8b465ee728b)
Start importing Assets/Arts/GameOverBackground.png using Guid(c7f3360011c90204ea2cbd6ddfede81d) Importer(815301076,1909f56bfc062723c751e8b465ee728b)  -> (artifact id: '6d825099829d5af27be956be21c30324') in 0.037905 seconds 
  Import took 0.042475 seconds .

========================================================================
Received Import Request.
  Time since last request: 0.000251 seconds.
  path: Assets/Arts/CoinSprite.png
  artifactKey: Guid(7ec7e848821f91348b02f6c5a87b9461) Importer(815301076,1909f56bfc062723c751e8b465ee728b)
Start importing Assets/Arts/CoinSprite.png using Guid(7ec7e848821f91348b02f6c5a87b9461) Importer(815301076,1909f56bfc062723c751e8b465ee728b)  -> (artifact id: '02a666a421e84dec29da97a5024e3563') in 0.015452 seconds 
  Import took 0.019773 seconds .

========================================================================
Received Import Request.
  Time since last request: 0.000677 seconds.
  path: Assets/Arts/Play Now.png
  artifactKey: Guid(6e5ac6d9a60a35e49a3f7b197a609262) Importer(815301076,1909f56bfc062723c751e8b465ee728b)
Start importing Assets/Arts/Play Now.png using Guid(6e5ac6d9a60a35e49a3f7b197a609262) Importer(815301076,1909f56bfc062723c751e8b465ee728b)  -> (artifact id: 'dfe939a464a833e2f9efee571b5c1d69') in 0.014724 seconds 
  Import took 0.020758 seconds .

========================================================================
Received Import Request.
  Time since last request: 0.000370 seconds.
  path: Assets/Arts/Quit.png
  artifactKey: Guid(9b6728c3c1c09fd4d9764dd541278c57) Importer(815301076,1909f56bfc062723c751e8b465ee728b)
Start importing Assets/Arts/Quit.png using Guid(9b6728c3c1c09fd4d9764dd541278c57) Importer(815301076,1909f56bfc062723c751e8b465ee728b)  -> (artifact id: 'be78cfa3952e097369dd3b80132cf9ef') in 0.015109 seconds 
  Import took 0.019782 seconds .

========================================================================
Received Import Request.
  Time since last request: 0.000382 seconds.
  path: Assets/Arts/PlayAgain.png
  artifactKey: Guid(2a3a3ec0c19f9d6409c2dab5459fe1cc) Importer(815301076,1909f56bfc062723c751e8b465ee728b)
Start importing Assets/Arts/PlayAgain.png using Guid(2a3a3ec0c19f9d6409c2dab5459fe1cc) Importer(815301076,1909f56bfc062723c751e8b465ee728b)  -> (artifact id: 'cd08f96387588740d1f4ed81a8b79b6f') in 0.019827 seconds 
  Import took 0.025361 seconds .

========================================================================
Received Import Request.
  Time since last request: 0.000373 seconds.
  path: Assets/Arts/GroundSprite.png
  artifactKey: Guid(eb82e0e362e3d394c9f5de448b254cde) Importer(815301076,1909f56bfc062723c751e8b465ee728b)
Start importing Assets/Arts/GroundSprite.png using Guid(eb82e0e362e3d394c9f5de448b254cde) Importer(815301076,1909f56bfc062723c751e8b465ee728b)  -> (artifact id: '09e302bc70dc320746e5b839086ad7ba') in 0.022819 seconds 
  Import took 0.028168 seconds .

========================================================================
Received Import Request.
  Time since last request: 0.000237 seconds.
  path: Assets/Arts/GameBackground.png
  artifactKey: Guid(f3dd37b05d6ca5d4ba277d47efd87751) Importer(815301076,1909f56bfc062723c751e8b465ee728b)
Start importing Assets/Arts/GameBackground.png using Guid(f3dd37b05d6ca5d4ba277d47efd87751) Importer(815301076,1909f56bfc062723c751e8b465ee728b)  -> (artifact id: '97cf91c05843ca32d3ddf6934e043f3c') in 0.025469 seconds 
  Import took 0.030884 seconds .

========================================================================
Received Import Request.
  Time since last request: 5.950853 seconds.
  path: Assets/Arts/Player.png
  artifactKey: Guid(2f95ceb9cd0d1dd4e9ed46fb50bbf1de) Importer(815301076,1909f56bfc062723c751e8b465ee728b)
Start importing Assets/Arts/Player.png using Guid(2f95ceb9cd0d1dd4e9ed46fb50bbf1de) Importer(815301076,1909f56bfc062723c751e8b465ee728b)  -> (artifact id: '4c27cf0d800b3c8dd0adda601ec48baa') in 0.010117 seconds 
  Import took 0.015128 seconds .

========================================================================
Received Import Request.
  Time since last request: 19.006249 seconds.
  path: Assets/Arts/Player.png
  artifactKey: Guid(2f95ceb9cd0d1dd4e9ed46fb50bbf1de) Importer(815301076,1909f56bfc062723c751e8b465ee728b)
Start importing Assets/Arts/Player.png using Guid(2f95ceb9cd0d1dd4e9ed46fb50bbf1de) Importer(815301076,1909f56bfc062723c751e8b465ee728b)  -> (artifact id: '14a2b1731038bbf7da6ac16ff0ff34e1') in 0.031330 seconds 
  Import took 0.045103 seconds .

========================================================================
Received Import Request.
  Time since last request: 25.620767 seconds.
  path: Assets/Arts/Player.png
  artifactKey: Guid(2f95ceb9cd0d1dd4e9ed46fb50bbf1de) Importer(815301076,1909f56bfc062723c751e8b465ee728b)
Start importing Assets/Arts/Player.png using Guid(2f95ceb9cd0d1dd4e9ed46fb50bbf1de) Importer(815301076,1909f56bfc062723c751e8b465ee728b)  -> (artifact id: '852e01ebd30a0189e8c956406c84f75d') in 0.119349 seconds 
  Import took 0.123729 seconds .

========================================================================
Received Prepare
Registering precompiled user dll's ...
Registered in 0.002619 seconds.
Begin MonoManager ReloadAssembly
Native extension for WindowsStandalone target not found
Refreshing native plugins compatible for Editor in 0.69 ms, found 3 plugins.
Preloading 0 native plugins for Editor in 0.00 ms.
Mono: successfully reloaded assembly
- Completed reload, in  1.499 seconds
Domain Reload Profiling:
	ReloadAssembly (1500ms)
		BeginReloadAssembly (164ms)
			ExecutionOrderSort (0ms)
			DisableScriptedObjects (8ms)
			BackupInstance (0ms)
			ReleaseScriptingObjects (0ms)
			CreateAndSetChildDomain (54ms)
		EndReloadAssembly (1260ms)
			LoadAssemblies (119ms)
			RebuildTransferFunctionScriptingTraits (0ms)
			SetupTypeCache (414ms)
			ReleaseScriptCaches (2ms)
			RebuildScriptCaches (69ms)
			SetupLoadedEditorAssemblies (428ms)
				LogAssemblyErrors (0ms)
				InitializePlatformSupportModulesInManaged (6ms)
				SetLoadedEditorAssemblies (1ms)
				RefreshPlugins (1ms)
				BeforeProcessingInitializeOnLoad (112ms)
				ProcessInitializeOnLoadAttributes (283ms)
				ProcessInitializeOnLoadMethodAttributes (18ms)
				AfterProcessingInitializeOnLoad (8ms)
				EditorAssembliesLoaded (0ms)
			ExecutionOrderSort2 (0ms)
			AwakeInstancesAfterBackupRestoration (12ms)
Platform modules already initialized, skipping
Switching build target platform(19) subTarget(0) extendedPlatform(0) -> platform(13) subTarget(537395200) extendedPlatform(0)
Refreshing native plugins compatible for Editor in 1.17 ms, found 3 plugins.
Preloading 0 native plugins for Editor in 0.00 ms.
Unloading 2176 Unused Serialized files (Serialized files now loaded: 0)
System memory in use before: 97.8 MB.
System memory in use after: 97.9 MB.

Unloading 17 unused Assets to reduce memory usage. Loaded Objects now: 2643.
Total: 4.063000 ms (FindLiveObjects: 0.271800 ms CreateObjectMapping: 0.211100 ms MarkObjects: 3.546600 ms  DeleteObjects: 0.032200 ms)

AssetImportParameters requested are different than current active one (requested -> active):
  custom:framework-win-MediaFoundation: 216162199b28c13a410421893ffa2e32 -> 
  custom:video-decoder-ogg-theora: a1e56fd34408186e4bbccfd4996cb3dc -> 
  custom:container-muxer-webm: aa71ff27fc2769a1b78a27578f13a17b -> 
  custom:container-demuxer-webm: 4f35f7cbe854078d1ac9338744f61a02 -> 
  custom:container-demuxer-ogg: 62fdf1f143b41e24485cea50d1cbac27 -> 
  custom:video-encoder-webm-vp8: eb34c28f22e8b96e1ab97ce403110664 -> 
  custom:video-decoder-webm-vp8: 9c59270c3fd7afecdb556c50c9e8de78 -> 
  custom:graphics/normal-map-encoding: 01000000000000000000000000000000 -> 02000000000000000000000000000000
  custom:audio-decoder-ogg-vorbis: bf7c407c2cedff20999df2af8eb42d56 -> 
  custom:audio-encoder-webm-vorbis: bf7c407c2cedff20999df2af8eb42d56 -> 
========================================================================
Received Prepare
Refreshing native plugins compatible for Editor in 5.22 ms, found 3 plugins.
Preloading 0 native plugins for Editor in 0.00 ms.
Unloading 15 Unused Serialized files (Serialized files now loaded: 0)
System memory in use before: 55.2 MB.
System memory in use after: 55.3 MB.

Unloading 15 unused Assets to reduce memory usage. Loaded Objects now: 2643.
Total: 4.231700 ms (FindLiveObjects: 0.287600 ms CreateObjectMapping: 0.101300 ms MarkObjects: 3.811000 ms  DeleteObjects: 0.030600 ms)

AssetImportParameters requested are different than current active one (requested -> active):
  custom:framework-win-MediaFoundation: 216162199b28c13a410421893ffa2e32 -> 
  custom:video-decoder-ogg-theora: a1e56fd34408186e4bbccfd4996cb3dc -> 
  custom:container-muxer-webm: aa71ff27fc2769a1b78a27578f13a17b -> 
  custom:container-demuxer-webm: 4f35f7cbe854078d1ac9338744f61a02 -> 
  custom:container-demuxer-ogg: 62fdf1f143b41e24485cea50d1cbac27 -> 
  custom:video-encoder-webm-vp8: eb34c28f22e8b96e1ab97ce403110664 -> 
  custom:video-decoder-webm-vp8: 9c59270c3fd7afecdb556c50c9e8de78 -> 
  custom:audio-decoder-ogg-vorbis: bf7c407c2cedff20999df2af8eb42d56 -> 
  custom:audio-encoder-webm-vorbis: bf7c407c2cedff20999df2af8eb42d56 -> 
AssetImportWorkerClient::OnTransportError - code=2 error=End of file
